{
  "stats": {
    "suites": 0,
    "tests": 1,
    "passes": 1,
    "pending": 0,
    "failures": 0,
    "start": "2021-03-15T10:27:23.496Z",
    "end": "2021-03-15T10:27:29.571Z",
    "duration": 6075,
    "testsRegistered": 1,
    "passPercent": 100,
    "pendingPercent": 0,
    "other": 0,
    "hasOther": false,
    "skipped": 0,
    "hasSkipped": false
  },
  "results": [
    {
      "uuid": "aa474c4a-5f6e-4ded-90be-5eb39bf3d130",
      "title": "",
      "fullFile": "cypress\\integration\\fileupload_download.ts",
      "file": "cypress\\integration\\fileupload_download.ts",
      "beforeHooks": [],
      "afterHooks": [],
      "tests": [
        {
          "title": "file upload demo",
          "fullTitle": "file upload demo",
          "timedOut": null,
          "duration": 2384,
          "state": "passed",
          "speed": "slow",
          "pass": true,
          "fail": false,
          "pending": false,
          "context": null,
          "code": "cy.visit('https://filebin.net/');\ncy.get('#fileField').attachFile('CypressIssue.png');\n//cy.visit('http://tinyupload.com/')\n//cy.get('[name=\"upload_file\"]').attachFile('CypressIssue.png')",
          "err": {},
          "uuid": "e52e1922-d398-4dcd-b537-caf373a86212",
          "parentUUID": "aa474c4a-5f6e-4ded-90be-5eb39bf3d130",
          "isHook": false,
          "skipped": false
        }
      ],
      "suites": [],
      "passes": [
        "e52e1922-d398-4dcd-b537-caf373a86212"
      ],
      "failures": [],
      "pending": [],
      "skipped": [],
      "duration": 2384,
      "root": true,
      "rootEmpty": false,
      "_timeout": 2000
    }
  ],
  "meta": {
    "mocha": {
      "version": "7.0.1"
    },
    "mochawesome": {
      "options": {
        "quiet": false,
        "reportFilename": "mochawesome",
        "saveHtml": false,
        "saveJson": true,
        "consoleReporter": "spec",
        "useInlineDiffs": false,
        "code": true
      },
      "version": "6.2.2"
    },
    "marge": {
      "options": {
        "reportDir": "cypress/results/json",
        "overwrite": false,
        "html": false,
        "json": true
      },
      "version": "5.2.0"
    }
  }
}