{
  "stats": {
    "suites": 1,
    "tests": 3,
    "passes": 3,
    "pending": 0,
    "failures": 0,
    "start": "2021-03-15T10:27:54.625Z",
    "end": "2021-03-15T10:27:54.895Z",
    "duration": 270,
    "testsRegistered": 3,
    "passPercent": 100,
    "pendingPercent": 0,
    "other": 0,
    "hasOther": false,
    "skipped": 0,
    "hasSkipped": false
  },
  "results": [
    {
      "uuid": "69f01496-dc90-4927-81bd-3bdc638f7580",
      "title": "",
      "fullFile": "cypress\\integration\\ReadWriteFile.spec.ts",
      "file": "cypress\\integration\\ReadWriteFile.spec.ts",
      "beforeHooks": [],
      "afterHooks": [],
      "tests": [],
      "suites": [
        {
          "uuid": "92e45c75-8d08-45db-8db9-b440ceb03c21",
          "title": "Read Write File Demo",
          "fullFile": "",
          "file": "",
          "beforeHooks": [],
          "afterHooks": [],
          "tests": [
            {
              "title": "read file using fixtures",
              "fullTitle": "Read Write File Demo read file using fixtures",
              "timedOut": null,
              "duration": 100,
              "state": "passed",
              "speed": "slow",
              "pass": true,
              "fail": false,
              "pending": false,
              "context": null,
              "code": "cy.fixture('example.json')\n    .its('name').should('eq', 'cypress');\ncy.log(this.data.name);\ncy.log(this.data.email);",
              "err": {},
              "uuid": "685689b0-0cb9-4fa9-a335-a7e5d61bb8ef",
              "parentUUID": "92e45c75-8d08-45db-8db9-b440ceb03c21",
              "isHook": false,
              "skipped": false
            },
            {
              "title": "read file using readfile command",
              "fullTitle": "Read Write File Demo read file using readfile command",
              "timedOut": null,
              "duration": 40,
              "state": "passed",
              "speed": "medium",
              "pass": true,
              "fail": false,
              "pending": false,
              "context": null,
              "code": "cy.readFile('./cypress/fixtures/example.json')\n    .its('name').should('eq', 'cypress');",
              "err": {},
              "uuid": "6a8d2dfc-6dca-493f-bd8d-f0d6ab3faafb",
              "parentUUID": "92e45c75-8d08-45db-8db9-b440ceb03c21",
              "isHook": false,
              "skipped": false
            },
            {
              "title": "Write File Demo",
              "fullTitle": "Read Write File Demo Write File Demo",
              "timedOut": null,
              "duration": 67,
              "state": "passed",
              "speed": "medium",
              "pass": true,
              "fail": false,
              "pending": false,
              "context": null,
              "code": "cy.writeFile('sample.txt', 'Hello i am leaning cypress');\ncy.writeFile('sample.txt', '\\nThis is interesting', { flag: 'a+' });",
              "err": {},
              "uuid": "12da97b0-7d2b-4033-ac5c-e52b626daeaf",
              "parentUUID": "92e45c75-8d08-45db-8db9-b440ceb03c21",
              "isHook": false,
              "skipped": false
            }
          ],
          "suites": [],
          "passes": [
            "685689b0-0cb9-4fa9-a335-a7e5d61bb8ef",
            "6a8d2dfc-6dca-493f-bd8d-f0d6ab3faafb",
            "12da97b0-7d2b-4033-ac5c-e52b626daeaf"
          ],
          "failures": [],
          "pending": [],
          "skipped": [],
          "duration": 207,
          "root": false,
          "rootEmpty": false,
          "_timeout": 2000
        }
      ],
      "passes": [],
      "failures": [],
      "pending": [],
      "skipped": [],
      "duration": 0,
      "root": true,
      "rootEmpty": true,
      "_timeout": 2000
    }
  ],
  "meta": {
    "mocha": {
      "version": "7.0.1"
    },
    "mochawesome": {
      "options": {
        "quiet": false,
        "reportFilename": "mochawesome",
        "saveHtml": false,
        "saveJson": true,
        "consoleReporter": "spec",
        "useInlineDiffs": false,
        "code": true
      },
      "version": "6.2.2"
    },
    "marge": {
      "options": {
        "reportDir": "cypress/results/json",
        "overwrite": false,
        "html": false,
        "json": true
      },
      "version": "5.2.0"
    }
  }
}